\BOOKMARK [0][]{chapter.1}{\376\377\0001\000\040\226\306\124\010\116\016\146\040\134\004}{}% 1
\BOOKMARK [0][]{chapter.2}{\376\377\0002\000\040\133\236\145\160\166\204\133\214\131\007\140\047}{}% 2
\BOOKMARK [1][]{section.2.1}{\376\377\0002\000.\0001\000\040\145\160\122\027\147\201\226\120}{chapter.2}% 3
\BOOKMARK [1][]{section.2.2}{\376\377\0002\000.\0002\000\040\145\340\172\167\131\047\221\317}{chapter.2}% 4
\BOOKMARK [2][]{subsection.2.2.1}{\376\377\0002\000.\0002\000.\0001\000\040\145\340\172\167\131\047\166\204\217\320\173\227}{section.2.2}% 5
\BOOKMARK [1][]{section.2.3}{\376\377\0002\000.\0003\000\040\145\066\145\133\121\306\122\031}{chapter.2}% 6
\BOOKMARK [0][]{chapter.3}{\376\377\0003\000\040\121\375\145\160\147\201\226\120\116\016\217\336\176\355\121\375\145\160}{}% 7
\BOOKMARK [1][]{section.3.1}{\376\377\0003\000.\0001\000\040\121\375\145\160\147\201\226\120\124\214\145\160\122\027\147\201\226\120\166\204\121\163\174\373}{chapter.3}% 8
\BOOKMARK [1][]{section.3.2}{\376\377\0003\000.\0002\000\040\123\125\117\247\147\201\226\120}{chapter.3}% 9
\BOOKMARK [1][]{section.3.3}{\376\377\0003\000.\0003\000\040\121\375\145\160\147\201\226\120\133\232\116\111\166\204\142\151\121\105}{chapter.3}% 10
\BOOKMARK [1][]{section.3.4}{\376\377\0003\000.\0004\000\040\217\336\176\355\121\375\145\160}{chapter.3}% 11
\BOOKMARK [1][]{section.3.5}{\376\377\0003\000.\0005\000\040\217\336\176\355\121\375\145\160\166\204\126\333\122\031\217\320\173\227}{chapter.3}% 12
\BOOKMARK [1][]{section.3.6}{\376\377\0003\000.\0006\000\040\116\015\217\336\176\355\160\271\166\204\174\173\127\213}{chapter.3}% 13
\BOOKMARK [2][]{subsection.3.6.1}{\376\377\0003\000.\0006\000.\0001\000\040\173\054\116\000\174\173\116\015\217\336\176\355\160\271}{section.3.6}% 14
\BOOKMARK [2][]{subsection.3.6.2}{\376\377\0003\000.\0006\000.\0002\000\040\173\054\116\214\174\173\116\015\217\336\176\355\160\271}{section.3.6}% 15
\BOOKMARK [2][]{subsection.3.6.3}{\376\377\0003\000.\0006\000.\0003\000\040\173\054\116\011\174\173\116\015\217\336\176\355\160\271}{section.3.6}% 16
\BOOKMARK [1][]{section.3.7}{\376\377\0003\000.\0007\000\040\123\315\121\375\145\160}{chapter.3}% 17
\BOOKMARK [1][]{section.3.8}{\376\377\0003\000.\0008\000\040\145\340\172\167\134\017\221\317\116\016\145\340\172\167\131\047\221\317\166\204\226\066}{chapter.3}% 18
\BOOKMARK [1][]{section.3.9}{\376\377\0003\000.\0009\000\040\225\355\123\072\225\364\116\012\166\204\217\336\176\355\121\375\145\160}{chapter.3}% 19
\BOOKMARK [2][]{subsection.3.9.1}{\376\377\0003\000.\0009\000.\0001\000\040\116\000\201\364\217\336\176\355\151\202\137\365}{section.3.9}% 20
\BOOKMARK [0][]{chapter.4}{\376\377\0004\000\040\137\256\122\006}{}% 21
\BOOKMARK [1][]{section.4.1}{\376\377\0004\000.\0001\000\040\137\256\122\006\124\214\133\374\145\160}{chapter.4}% 22
\BOOKMARK [2][]{subsection.4.1.1}{\376\377\0004\000.\0001\000.\0001\000\040\137\256\122\006}{section.4.1}% 23
\BOOKMARK [2][]{subsection.4.1.2}{\376\377\0004\000.\0001\000.\0002\000\040\133\374\145\160}{section.4.1}% 24
\BOOKMARK [1][]{section.4.2}{\376\377\0004\000.\0002\000\040\133\374\145\160\166\204\141\017\116\111\116\016\140\047\215\050}{chapter.4}% 25
\BOOKMARK [1][]{section.4.3}{\376\377\0004\000.\0003\000\040\133\374\145\160\126\333\122\031\217\320\173\227\116\016\123\315\121\375\145\160\154\102\133\374\154\325\122\031}{chapter.4}% 26
\BOOKMARK [1][]{section.4.4}{\376\377\0004\000.\0004\000\040\131\015\124\010\121\375\145\160\154\102\133\374\154\325\122\031\123\312\121\166\136\224\165\050}{chapter.4}% 27
\BOOKMARK [2][]{subsection.4.4.1}{\376\377\0004\000.\0004\000.\0001\000\040\226\220\121\375\145\160\166\204\154\102\133\374\116\016\137\256\122\006}{section.4.4}% 28
\BOOKMARK [2][]{subsection.4.4.2}{\376\377\0004\000.\0004\000.\0002\000\040\121\375\145\160\166\204\123\302\145\160\210\150\171\072}{section.4.4}% 29
\BOOKMARK [1][]{section.4.5}{\376\377\0004\000.\0005\000\040\232\330\226\066\133\374\145\160\124\214\232\330\226\066\137\256\122\006}{chapter.4}% 30
\BOOKMARK [2][]{subsection.4.5.1}{\376\377\0004\000.\0005\000.\0001\000\040\232\330\226\066\133\374\145\160\166\204\217\320\173\227\154\325\122\031}{section.4.5}% 31
\BOOKMARK [2][]{subsection.4.5.2}{\376\377\0004\000.\0005\000.\0002\000\040\131\015\124\010\121\375\145\160}{section.4.5}% 32
\BOOKMARK [2][]{subsection.4.5.3}{\376\377\0004\000.\0005\000.\0003\000\040\226\220\121\375\145\160}{section.4.5}% 33
\BOOKMARK [2][]{subsection.4.5.4}{\376\377\0004\000.\0005\000.\0004\000\040\123\302\145\160\210\150\171\072}{section.4.5}% 34
\BOOKMARK [1][]{section.4.6}{\376\377\0004\000.\0006\000\040\232\330\226\066\137\256\122\006}{chapter.4}% 35
\BOOKMARK [0][]{chapter.5}{\376\377\0005\000\040\137\256\122\006\116\055\120\074\133\232\164\006\147\201\121\166\136\224\165\050}{}% 36
\BOOKMARK [1][]{section.5.1}{\376\377\0005\000.\0001\000\040\137\256\122\006\116\055\120\074\133\232\164\006}{chapter.5}% 37
\BOOKMARK [1][]{section.5.2}{\376\377\0005\000.\0002\000\040\121\375\145\160\166\204\121\370\140\047}{chapter.5}% 38
\BOOKMARK [1][]{section.5.3}{\376\377\0005\000.\0003\000\040\142\320\160\271}{chapter.5}% 39
